
          -------------------------------------------------------
          Amber 14 SANDER                              2014
          -------------------------------------------------------

| PMEMD implementation of SANDER, Release 14

| Run on 02/23/2016 at 10:08:42

|   Executable path: /home/dicksca3/AMBER_files/amber15/bin/pmemd.cuda
| Working directory: /scratch/dicksca3/methanol/REPEAT_NEW/pulling
|          Hostname: nrusca-ldl30045.nibr.novartis.net

  [-O]verwriting output

File Assignments:
|   MDIN: 02_Heat.in                                                            
|  MDOUT: 02_Heat.out                                                           
| INPCRD: 01_Min.rst                                                            
|   PARM: DMPC_MOH.prmtop                                                       
| RESTRT: 02_Heat.rst                                                           
|   REFC: 01_Min.rst                                                            
|  MDVEL: mdvel                                                                 
|   MDEN: mden                                                                  
|  MDCRD: 02_Heat.nc                                                            
| MDINFO: mdinfo                                                                
|  MDFRC: mdfrc                                                                 


 Here is the input file:

 heating LIPID 128 100K                                                        
 &cntrl                                                                        
   imin=0, ntx=1, irest=0,                                                     
   ntc=2, ntf=2, tol=0.0000001,                                                
   nstlim=2500, ntt=3, gamma_ln=1.0,                                           
   ntr=1, ig=-1,                                                               
   ntpr=100, ntwr=10000,ntwx=100,                                              
   dt=0.002,nmropt=1,                                                          
   ntb=1,ntp=0,cut=10.0,ioutfm=1,ntxo=2,                                       
 /                                                                             
 &wt type='TEMP0', istep1=0, istep2=2500,                                      
                   value1=0.0, value2=100.0 /                                  
 &wt type='END' /                                                              
Hold lipid fixed                                                               
10.0                                                                           
RES 1 217                                                                      
END                                                                            
END                                                                            
                                                                               


Note: ig = -1. Setting random seed to   202459 based on wallclock time in 
      microseconds.
 
|--------------------- INFORMATION ----------------------
| GPU (CUDA) Version of PMEMD in use: NVIDIA GPU IN USE.
|                    Version 14.0.1
| 
|                      06/20/2014
| 
| Implementation by:
|                    Ross C. Walker     (SDSC)
|                    Scott Le Grand     (nVIDIA)
| 
| CAUTION: The CUDA code is currently experimental.
|          You use it at your own risk. Be sure to
|          check ALL results carefully.
| 
| Precision model in use:
|      [SPFP] - Mixed Single/Double/Fixed Point Precision.
|               (Default)
| 
|--------------------------------------------------------
 
|----------------- CITATION INFORMATION -----------------
|
|    When publishing work that utilized the CUDA version
|    of AMBER, please cite the following in addition to
|    the regular AMBER citations:
|
|  - Romelia Salomon-Ferrer; Andreas W. Goetz; Duncan
|    Poole; Scott Le Grand; Ross C. Walker "Routine
|    microsecond molecular dynamics simulations with
|    AMBER - Part II: Particle Mesh Ewald", J. Chem.
|    Theory Comput., 2013, 9 (9), pp3878-3888,
|    DOI: 10.1021/ct400314y.
|
|  - Andreas W. Goetz; Mark J. Williamson; Dong Xu;
|    Duncan Poole; Scott Le Grand; Ross C. Walker
|    "Routine microsecond molecular dynamics simulations
|    with AMBER - Part I: Generalized Born", J. Chem.
|    Theory Comput., 2012, 8 (5), pp1542-1555.
|
|  - Scott Le Grand; Andreas W. Goetz; Ross C. Walker
|    "SPFP: Speed without compromise - a mixed precision
|    model for GPU accelerated molecular dynamics
|    simulations.", Comp. Phys. Comm., 2013, 184
|    pp374-380, DOI: 10.1016/j.cpc.2012.09.022
|
|--------------------------------------------------------
 
|------------------- GPU DEVICE INFO --------------------
|
|            CUDA_VISIBLE_DEVICES: 0
|   CUDA Capable Devices Detected:      1
|           CUDA Device ID in use:      0
|                CUDA Device Name: GeForce GTX 780 Ti
|     CUDA Device Global Mem Size:   3071 MB
| CUDA Device Num Multiprocessors:     15
|           CUDA Device Core Freq:   0.93 GHz
|
|--------------------------------------------------------
 
 
| Conditional Compilation Defines Used:
| PUBFFT
| BINTRAJ
| CUDA
| EMIL

| Largest sphere to fit in unit cell has radius =    23.686

| New format PARM file being parsed.
| Version =    1.000 Date = 11/12/15 Time = 10:25:24

| Note: 1-4 EEL scale factors are being read from the topology file.

| Note: 1-4 VDW scale factors are being read from the topology file.
| Duplicated    0 dihedrals

| Duplicated    0 dihedrals

--------------------------------------------------------------------------------
   1.  RESOURCE   USE: 
--------------------------------------------------------------------------------

 getting new box info from bottom of inpcrd
 NATOM  =   17142 NTYPES =      13 NBONH =   13828 MBONA  =    3241
 NTHETH =   12463 MTHETA =    3816 NPHIH =   19731 MPHIA  =   11232
 NHPARM =       0 NPARM  =       0 NNB   =   58984 NRES   =    3097
 NBONA  =    3241 NTHETA =    3816 NPHIA =   11232 NUMBND =      18
 NUMANG =      28 NPTRA  =      35 NATYP =      18 NPHB   =       1
 IFBOX  =       1 NMXRS  =      40 IFCAP =       0 NEXTRA =       0
 NCOPY  =       0

| Coordinate Index Table dimensions:     8    8   14
| Direct force subcell size =     6.0198    5.9215    5.5670

     BOX TYPE: RECTILINEAR

--------------------------------------------------------------------------------
   2.  CONTROL  DATA  FOR  THE  RUN
--------------------------------------------------------------------------------

default_name                                                                    

General flags:
     imin    =       0, nmropt  =       1

Nature and format of input:
     ntx     =       1, irest   =       0, ntrx    =       1

Nature and format of output:
     ntxo    =       2, ntpr    =     100, ntrx    =       1, ntwr    =   10000
     iwrap   =       0, ntwx    =     100, ntwv    =       0, ntwe    =       0
     ioutfm  =       1, ntwprt  =       0, idecomp =       0, rbornstat=      0

Potential function:
     ntf     =       2, ntb     =       1, igb     =       0, nsnb    =      25
     ipol    =       0, gbsa    =       0, iesp    =       0
     dielc   =   1.00000, cut     =  10.00000, intdiel =   1.00000

Frozen or restrained atoms:
     ibelly  =       0, ntr     =       1
     restraint_wt =   0.00000

Molecular dynamics:
     nstlim  =      2500, nscm    =         0, nrespa  =         1
     t       =   0.00000, dt      =   0.00200, vlimit  =  -1.00000

Langevin dynamics temperature regulation:
     ig      =  202459
     temp0   = 300.00000, tempi   =   0.00000, gamma_ln=   1.00000

SHAKE:
     ntc     =       2, jfastw  =       0
     tol     =   0.00000

NMR refinement options:
     iscale  =       0, noeskp  =       1, ipnlty  =       1, mxsub   =       1
     scalm   = 100.00000, pencut  =   0.10000, tausw   =   0.10000

| Intermolecular bonds treatment:
|     no_intermolecular_bonds =       1

| Energy averages sample interval:
|     ene_avg_sampling =     100

Ewald parameters:
     verbose =       0, ew_type =       0, nbflag  =       1, use_pme =       1
     vdwmeth =       1, eedmeth =       1, netfrc  =       1
     Box X =   48.158   Box Y =   47.372   Box Z =   77.938
     Alpha =   90.000   Beta  =   90.000   Gamma =   90.000
     NFFT1 =   56       NFFT2 =   48       NFFT3 =   80
     Cutoff=   10.000   Tol   =0.100E-04
     Ewald Coefficient =  0.27511
     Interpolation order =    4

    LOADING THE CONSTRAINED ATOMS AS GROUPS


   5.  REFERENCE ATOM COORDINATES

  default_name                                                                    
    ----- READING GROUP     1; TITLE:
 Hold lipid fixed                                                            

     GROUP    1 HAS HARMONIC CONSTRAINTS    10.00000
 GRP    1 RES    1 TO   217
      Number of atoms in this group  =  8502
    ----- END OF GROUP READ -----

--------------------------------------------------------------------------------
   3.  ATOMIC COORDINATES AND VELOCITIES
--------------------------------------------------------------------------------

default_name                                                                    
 begin time read from input coords =     0.000 ps



           Begin reading energy term weight changes/NMR restraints
 WEIGHT CHANGES:
 TEMP0         0   2500    0.000000  100.000000      0      0

 RESTRAINTS:
  No valid redirection requests found
                          ** No restraint defined **

                  Done reading weight changes/NMR restraints


 
 Number of triangulated 3-point waters found:     2880

     Sum of charges from parm topology file =  -0.00043274
     Forcing neutrality...

| Dynamic Memory, Types Used:
| Reals              646343
| Integers          1138027

| Nonbonded Pairs Initial Allocation:     5185026

| GPU memory information (estimate):
| KB of GPU memory in use:    105786
| KB of CPU memory in use:     24930

--------------------------------------------------------------------------------
   4.  RESULTS
--------------------------------------------------------------------------------

 ---------------------------------------------------
 APPROXIMATING switch and d/dx switch using CUBIC SPLINE INTERPOLATION
 using   5000.0 points per unit in tabled values
 TESTING RELATIVE ERROR over r ranging from 0.0 to cutoff
| CHECK switch(x): max rel err =   0.2738E-14   at   2.422500
| CHECK d/dx switch(x): max rel err =   0.8314E-11   at   2.736960
 ---------------------------------------------------
|---------------------------------------------------
| APPROXIMATING direct energy using CUBIC SPLINE INTERPOLATION
|  with   50.0 points per unit in tabled values
| Relative Error Limit not exceeded for r .gt.   2.33
| APPROXIMATING direct force using CUBIC SPLINE INTERPOLATION
|  with   50.0 points per unit in tabled values
| Relative Error Limit not exceeded for r .gt.   2.80
|---------------------------------------------------

 NSTEP =        0   TIME(PS) =       0.000  TEMP(K) =     0.00  PRESS =     0.0
 Etot   =    -53829.0157  EKtot   =         0.0000  EPtot      =    -53829.0157
 BOND   =        71.7713  ANGLE   =       602.7855  DIHED      =      1828.1754
 1-4 NB =       640.6719  1-4 EEL =     -1864.7041  VDWAALS    =      3666.4929
 EELEC  =    -58774.2086  EHBOND  =         0.0000  RESTRAINT  =         0.0000
 ------------------------------------------------------------------------------

 NMR restraints: Bond =    0.000   Angle =     0.000   Torsion =     0.000
===============================================================================

 NSTEP =      100   TIME(PS) =       0.200  TEMP(K) =     2.74  PRESS =     0.0
 Etot   =    -47786.8178  EKtot   =       102.3976  EPtot      =    -47889.2154
 BOND   =        71.5145  ANGLE   =       603.3803  DIHED      =      1829.0352
 1-4 NB =       643.4299  1-4 EEL =     -1862.3778  VDWAALS    =      2197.0557
 EELEC  =    -51377.1014  EHBOND  =         0.0000  RESTRAINT  =         5.8483
 EAMBER (non-restraint)  =    -47895.0637
 ------------------------------------------------------------------------------

 NMR restraints: Bond =    0.000   Angle =     0.000   Torsion =     0.000
===============================================================================

 NSTEP =      200   TIME(PS) =       0.400  TEMP(K) =     3.89  PRESS =     0.0
 Etot   =    -47745.5565  EKtot   =       145.2298  EPtot      =    -47890.7863
 BOND   =        74.6718  ANGLE   =       615.5128  DIHED      =      1829.0845
 1-4 NB =       644.3061  1-4 EEL =     -1865.5140  VDWAALS    =      2304.8893
 EELEC  =    -51506.3980  EHBOND  =         0.0000  RESTRAINT  =        12.6611
 EAMBER (non-restraint)  =    -47903.4474
 ------------------------------------------------------------------------------

 NMR restraints: Bond =    0.000   Angle =     0.000   Torsion =     0.000
===============================================================================

 NSTEP =      300   TIME(PS) =       0.600  TEMP(K) =     5.22  PRESS =     0.0
 Etot   =    -47662.6012  EKtot   =       194.9591  EPtot      =    -47857.5603
 BOND   =        79.0649  ANGLE   =       634.0417  DIHED      =      1829.8082
 1-4 NB =       643.6171  1-4 EEL =     -1864.8091  VDWAALS    =      2296.4122
 EELEC  =    -51496.4538  EHBOND  =         0.0000  RESTRAINT  =        20.7586
 EAMBER (non-restraint)  =    -47878.3189
 ------------------------------------------------------------------------------

 NMR restraints: Bond =    0.000   Angle =     0.000   Torsion =     0.000
===============================================================================

 NSTEP =      400   TIME(PS) =       0.800  TEMP(K) =     7.02  PRESS =     0.0
 Etot   =    -47544.3614  EKtot   =       262.0745  EPtot      =    -47806.4358
 BOND   =        87.0691  ANGLE   =       652.3776  DIHED      =      1832.9323
 1-4 NB =       644.4088  1-4 EEL =     -1866.1763  VDWAALS    =      2304.9225
 EELEC  =    -51494.1702  EHBOND  =         0.0000  RESTRAINT  =        32.2004
 EAMBER (non-restraint)  =    -47838.6362
 ------------------------------------------------------------------------------

 NMR restraints: Bond =    0.000   Angle =     0.000   Torsion =     0.000
===============================================================================

 NSTEP =      500   TIME(PS) =       1.000  TEMP(K) =     9.05  PRESS =     0.0
 Etot   =    -47398.3845  EKtot   =       337.9443  EPtot      =    -47736.3289
 BOND   =        95.2581  ANGLE   =       672.6000  DIHED      =      1835.4920
 1-4 NB =       645.9069  1-4 EEL =     -1866.0404  VDWAALS    =      2301.6802
 EELEC  =    -51466.4039  EHBOND  =         0.0000  RESTRAINT  =        45.1783
 EAMBER (non-restraint)  =    -47781.5071
 ------------------------------------------------------------------------------

 NMR restraints: Bond =    0.000   Angle =     0.000   Torsion =     0.000
===============================================================================

 NSTEP =      600   TIME(PS) =       1.200  TEMP(K) =    11.56  PRESS =     0.0
 Etot   =    -47227.4362  EKtot   =       431.8275  EPtot      =    -47659.2637
 BOND   =        99.7923  ANGLE   =       707.9465  DIHED      =      1836.9500
 1-4 NB =       646.0779  1-4 EEL =     -1865.8403  VDWAALS    =      2286.9444
 EELEC  =    -51432.0775  EHBOND  =         0.0000  RESTRAINT  =        60.9429
 EAMBER (non-restraint)  =    -47720.2066
 ------------------------------------------------------------------------------

 NMR restraints: Bond =    0.000   Angle =     0.000   Torsion =     0.000
===============================================================================

 NSTEP =      700   TIME(PS) =       1.400  TEMP(K) =    14.43  PRESS =     0.0
 Etot   =    -47032.7415  EKtot   =       539.1599  EPtot      =    -47571.9014
 BOND   =       111.6470  ANGLE   =       734.1193  DIHED      =      1837.7528
 1-4 NB =       647.0045  1-4 EEL =     -1864.8523  VDWAALS    =      2265.1014
 EELEC  =    -51380.7635  EHBOND  =         0.0000  RESTRAINT  =        78.0893
 EAMBER (non-restraint)  =    -47649.9908
 ------------------------------------------------------------------------------

 NMR restraints: Bond =    0.000   Angle =     0.000   Torsion =     0.000
===============================================================================

 NSTEP =      800   TIME(PS) =       1.600  TEMP(K) =    17.33  PRESS =     0.0
 Etot   =    -46825.3265  EKtot   =       647.4595  EPtot      =    -47472.7860
 BOND   =       121.2796  ANGLE   =       765.5652  DIHED      =      1840.4232
 1-4 NB =       648.6870  1-4 EEL =     -1862.0087  VDWAALS    =      2241.3114
 EELEC  =    -51321.3174  EHBOND  =         0.0000  RESTRAINT  =        93.2737
 EAMBER (non-restraint)  =    -47566.0597
 ------------------------------------------------------------------------------

 NMR restraints: Bond =    0.000   Angle =     0.000   Torsion =     0.000
===============================================================================

 NSTEP =      900   TIME(PS) =       1.800  TEMP(K) =    20.26  PRESS =     0.0
 Etot   =    -46608.6188  EKtot   =       756.8380  EPtot      =    -47365.4568
 BOND   =       127.7889  ANGLE   =       803.0389  DIHED      =      1840.2752
 1-4 NB =       652.3950  1-4 EEL =     -1869.1771  VDWAALS    =      2236.9706
 EELEC  =    -51266.1753  EHBOND  =         0.0000  RESTRAINT  =       109.4270
 EAMBER (non-restraint)  =    -47474.8838
 ------------------------------------------------------------------------------

 NMR restraints: Bond =    0.000   Angle =     0.000   Torsion =     0.000
===============================================================================

 NSTEP =     1000   TIME(PS) =       2.000  TEMP(K) =    23.75  PRESS =     0.0
 Etot   =    -46362.4759  EKtot   =       887.3318  EPtot      =    -47249.8077
 BOND   =       135.6932  ANGLE   =       837.9601  DIHED      =      1844.3267
 1-4 NB =       653.7361  1-4 EEL =     -1865.4855  VDWAALS    =      2265.8653
 EELEC  =    -51251.5183  EHBOND  =         0.0000  RESTRAINT  =       129.6148
 EAMBER (non-restraint)  =    -47379.4225
 ------------------------------------------------------------------------------

 NMR restraints: Bond =    0.000   Angle =     0.000   Torsion =     0.000
===============================================================================

 NSTEP =     1100   TIME(PS) =       2.200  TEMP(K) =    26.99  PRESS =     0.0
 Etot   =    -46116.5290  EKtot   =      1008.3311  EPtot      =    -47124.8601
 BOND   =       147.1873  ANGLE   =       877.3472  DIHED      =      1846.1777
 1-4 NB =       653.5157  1-4 EEL =     -1867.8551  VDWAALS    =      2210.9770
 EELEC  =    -51143.6920  EHBOND  =         0.0000  RESTRAINT  =       151.4821
 EAMBER (non-restraint)  =    -47276.3422
 ------------------------------------------------------------------------------

 NMR restraints: Bond =    0.000   Angle =     0.000   Torsion =     0.000
===============================================================================

 NSTEP =     1200   TIME(PS) =       2.400  TEMP(K) =    30.52  PRESS =     0.0
 Etot   =    -45851.5344  EKtot   =      1140.0400  EPtot      =    -46991.5745
 BOND   =       165.0060  ANGLE   =       914.7799  DIHED      =      1846.5791
 1-4 NB =       655.3642  1-4 EEL =     -1872.3557  VDWAALS    =      2247.2989
 EELEC  =    -51115.9441  EHBOND  =         0.0000  RESTRAINT  =       167.6973
 EAMBER (non-restraint)  =    -47159.2718
 ------------------------------------------------------------------------------

 NMR restraints: Bond =    0.000   Angle =     0.000   Torsion =     0.000
===============================================================================

 NSTEP =     1300   TIME(PS) =       2.600  TEMP(K) =    33.92  PRESS =     0.0
 Etot   =    -45587.3549  EKtot   =      1267.2073  EPtot      =    -46854.5622
 BOND   =       167.3541  ANGLE   =       962.0656  DIHED      =      1853.3535
 1-4 NB =       659.5160  1-4 EEL =     -1862.8739  VDWAALS    =      2167.6484
 EELEC  =    -50993.9265  EHBOND  =         0.0000  RESTRAINT  =       192.3007
 EAMBER (non-restraint)  =    -47046.8629
 ------------------------------------------------------------------------------

 NMR restraints: Bond =    0.000   Angle =     0.000   Torsion =     0.000
===============================================================================

 NSTEP =     1400   TIME(PS) =       2.800  TEMP(K) =    37.42  PRESS =     0.0
 Etot   =    -45329.6772  EKtot   =      1397.9701  EPtot      =    -46727.6473
 BOND   =       183.4085  ANGLE   =       998.9835  DIHED      =      1853.2614
 1-4 NB =       658.2725  1-4 EEL =     -1867.8832  VDWAALS    =      2160.2389
 EELEC  =    -50928.5646  EHBOND  =         0.0000  RESTRAINT  =       214.6358
 EAMBER (non-restraint)  =    -46942.2831
 ------------------------------------------------------------------------------

 NMR restraints: Bond =    0.000   Angle =     0.000   Torsion =     0.000
===============================================================================

 NSTEP =     1500   TIME(PS) =       3.000  TEMP(K) =    41.37  PRESS =     0.0
 Etot   =    -45059.8371  EKtot   =      1545.3158  EPtot      =    -46605.1529
 BOND   =       197.3720  ANGLE   =      1027.8699  DIHED      =      1858.5997
 1-4 NB =       659.4908  1-4 EEL =     -1860.3547  VDWAALS    =      2176.1532
 EELEC  =    -50902.7652  EHBOND  =         0.0000  RESTRAINT  =       238.4814
 EAMBER (non-restraint)  =    -46843.6343
 ------------------------------------------------------------------------------

 NMR restraints: Bond =    0.000   Angle =     0.000   Torsion =     0.000
===============================================================================

 NSTEP =     1600   TIME(PS) =       3.200  TEMP(K) =    45.29  PRESS =     0.0
 Etot   =    -44794.3814  EKtot   =      1692.0439  EPtot      =    -46486.4253
 BOND   =       202.9034  ANGLE   =      1084.9918  DIHED      =      1857.3084
 1-4 NB =       657.1579  1-4 EEL =     -1870.9788  VDWAALS    =      2181.0965
 EELEC  =    -50852.4074  EHBOND  =         0.0000  RESTRAINT  =       253.5029
 EAMBER (non-restraint)  =    -46739.9282
 ------------------------------------------------------------------------------

 NMR restraints: Bond =    0.000   Angle =     0.000   Torsion =     0.000
===============================================================================

 NSTEP =     1700   TIME(PS) =       3.400  TEMP(K) =    48.70  PRESS =     0.0
 Etot   =    -44513.0604  EKtot   =      1819.1698  EPtot      =    -46332.2302
 BOND   =       225.6833  ANGLE   =      1118.7110  DIHED      =      1869.7886
 1-4 NB =       658.8573  1-4 EEL =     -1865.3865  VDWAALS    =      2199.3288
 EELEC  =    -50824.5984  EHBOND  =         0.0000  RESTRAINT  =       285.3856
 EAMBER (non-restraint)  =    -46617.6158
 ------------------------------------------------------------------------------

 NMR restraints: Bond =    0.000   Angle =     0.000   Torsion =     0.000
===============================================================================

 NSTEP =     1800   TIME(PS) =       3.600  TEMP(K) =    52.90  PRESS =     0.0
 Etot   =    -44230.5629  EKtot   =      1976.1218  EPtot      =    -46206.6848
 BOND   =       227.4532  ANGLE   =      1161.6475  DIHED      =      1864.4124
 1-4 NB =       663.3513  1-4 EEL =     -1865.3853  VDWAALS    =      2145.3671
 EELEC  =    -50706.1374  EHBOND  =         0.0000  RESTRAINT  =       302.6063
 EAMBER (non-restraint)  =    -46509.2911
 ------------------------------------------------------------------------------

 NMR restraints: Bond =    0.000   Angle =     0.000   Torsion =     0.000
===============================================================================

 NSTEP =     1900   TIME(PS) =       3.800  TEMP(K) =    56.18  PRESS =     0.0
 Etot   =    -43956.2227  EKtot   =      2098.8499  EPtot      =    -46055.0726
 BOND   =       239.4741  ANGLE   =      1193.0151  DIHED      =      1869.8937
 1-4 NB =       664.1709  1-4 EEL =     -1871.7131  VDWAALS    =      2091.3289
 EELEC  =    -50564.8256  EHBOND  =         0.0000  RESTRAINT  =       323.5835
 EAMBER (non-restraint)  =    -46378.6561
 ------------------------------------------------------------------------------

 NMR restraints: Bond =    0.000   Angle =     0.000   Torsion =     0.000
===============================================================================

 NSTEP =     2000   TIME(PS) =       4.000  TEMP(K) =    60.05  PRESS =     0.0
 Etot   =    -43666.7005  EKtot   =      2243.2625  EPtot      =    -45909.9629
 BOND   =       252.9169  ANGLE   =      1236.2544  DIHED      =      1870.3119
 1-4 NB =       662.1286  1-4 EEL =     -1858.8860  VDWAALS    =      2157.6363
 EELEC  =    -50576.7500  EHBOND  =         0.0000  RESTRAINT  =       346.4249
 EAMBER (non-restraint)  =    -46256.3879
 ------------------------------------------------------------------------------

 NMR restraints: Bond =    0.000   Angle =     0.000   Torsion =     0.000
===============================================================================

 NSTEP =     2100   TIME(PS) =       4.200  TEMP(K) =    63.79  PRESS =     0.0
 Etot   =    -43380.1183  EKtot   =      2382.8601  EPtot      =    -45762.9784
 BOND   =       266.5276  ANGLE   =      1281.6191  DIHED      =      1872.0972
 1-4 NB =       667.6231  1-4 EEL =     -1868.0928  VDWAALS    =      2048.8598
 EELEC  =    -50394.8534  EHBOND  =         0.0000  RESTRAINT  =       363.2409
 EAMBER (non-restraint)  =    -46126.2193
 ------------------------------------------------------------------------------

 NMR restraints: Bond =    0.000   Angle =     0.000   Torsion =     0.000
===============================================================================

 NSTEP =     2200   TIME(PS) =       4.400  TEMP(K) =    68.13  PRESS =     0.0
 Etot   =    -43100.1332  EKtot   =      2545.0850  EPtot      =    -45645.2181
 BOND   =       267.6400  ANGLE   =      1297.0069  DIHED      =      1878.7519
 1-4 NB =       679.2273  1-4 EEL =     -1863.7541  VDWAALS    =      2038.9279
 EELEC  =    -50331.2892  EHBOND  =         0.0000  RESTRAINT  =       388.2712
 EAMBER (non-restraint)  =    -46033.4894
 ------------------------------------------------------------------------------

 NMR restraints: Bond =    0.000   Angle =     0.000   Torsion =     0.000
===============================================================================

 NSTEP =     2300   TIME(PS) =       4.600  TEMP(K) =    72.45  PRESS =     0.0
 Etot   =    -42774.4173  EKtot   =      2706.4387  EPtot      =    -45480.8560
 BOND   =       279.8851  ANGLE   =      1361.1128  DIHED      =      1883.5968
 1-4 NB =       668.5979  1-4 EEL =     -1866.2951  VDWAALS    =      2105.4531
 EELEC  =    -50326.9173  EHBOND  =         0.0000  RESTRAINT  =       413.7107
 EAMBER (non-restraint)  =    -45894.5667
 ------------------------------------------------------------------------------

 NMR restraints: Bond =    0.000   Angle =     0.000   Torsion =     0.000
===============================================================================

 NSTEP =     2400   TIME(PS) =       4.800  TEMP(K) =    76.55  PRESS =     0.0
 Etot   =    -42459.9899  EKtot   =      2859.5171  EPtot      =    -45319.5070
 BOND   =       306.8531  ANGLE   =      1398.2761  DIHED      =      1884.8056
 1-4 NB =       676.0918  1-4 EEL =     -1867.0048  VDWAALS    =      2030.2737
 EELEC  =    -50182.5215  EHBOND  =         0.0000  RESTRAINT  =       433.7189
 EAMBER (non-restraint)  =    -45753.2259
 ------------------------------------------------------------------------------

 NMR restraints: Bond =    0.000   Angle =     0.000   Torsion =     0.000
===============================================================================

 NSTEP =     2500   TIME(PS) =       5.000  TEMP(K) =    79.89  PRESS =     0.0
 Etot   =    -42161.2646  EKtot   =      2984.3596  EPtot      =    -45145.6242
 BOND   =       325.2838  ANGLE   =      1438.4982  DIHED      =      1887.2810
 1-4 NB =       675.6814  1-4 EEL =     -1861.3401  VDWAALS    =      2043.3942
 EELEC  =    -50116.2587  EHBOND  =         0.0000  RESTRAINT  =       461.8359
 EAMBER (non-restraint)  =    -45607.4601
 ------------------------------------------------------------------------------

 NMR restraints: Bond =    0.000   Angle =     0.000   Torsion =     0.000
===============================================================================

      A V E R A G E S   O V E R      25 S T E P S


 NSTEP =     2500   TIME(PS) =       5.000  TEMP(K) =    36.38  PRESS =     0.0
 Etot   =    -45407.0442  EKtot   =      1358.8718  EPtot      =    -46765.9160
 BOND   =       178.3491  ANGLE   =       975.1489  DIHED      =      1854.0920
 1-4 NB =       657.1446  1-4 EEL =     -1865.6976  VDWAALS    =      2188.2054
 EELEC  =    -50958.1532  EHBOND  =         0.0000  RESTRAINT  =       204.9949
 EAMBER (non-restraint)  =    -46970.9109
 ------------------------------------------------------------------------------

 NMR restraints: Bond =    0.000   Angle =     0.000   Torsion =     0.000
===============================================================================

      R M S  F L U C T U A T I O N S


 NSTEP =     2500   TIME(PS) =       5.000  TEMP(K) =    24.35  PRESS =     0.0
 Etot   =      1780.0166  EKtot   =       909.6951  EPtot      =       870.5549
 BOND   =        76.3882  ANGLE   =       263.9336  DIHED      =        18.4769
 1-4 NB =        10.4519  1-4 EEL =         3.2876  VDWAALS    =        87.3944
 EELEC  =       442.8946  EHBOND  =         0.0000  RESTRAINT  =       142.6412
 EAMBER (non-restraint)  =       727.9137
 ------------------------------------------------------------------------------


 NMR restraints on final step:

--------------------------------------------------------------------------------
   5.  TIMINGS
--------------------------------------------------------------------------------

|  NonSetup CPU Time in Major Routines:
|
|     Routine           Sec        %
|     ------------------------------
|     Nonbond           0.38   12.10
|     Bond              0.00    0.00
|     Angle             0.00    0.00
|     Dihedral          0.00    0.00
|     Shake             0.02    0.64
|     RunMD             2.71   87.07
|     Other             0.01    0.19
|     ------------------------------
|     Total             3.11

|  PME Nonbond Pairlist CPU Time:
|
|     Routine              Sec        %
|     ---------------------------------
|     Set Up Cit           0.00    0.00
|     Build List           0.00    0.00
|     ---------------------------------
|     Total                0.00    0.00

|  PME Direct Force CPU Time:
|
|     Routine              Sec        %
|     ---------------------------------
|     NonBonded Calc       0.00    0.00
|     Exclude Masked       0.00    0.00
|     Other                0.00    0.03
|     ---------------------------------
|     Total                0.00    0.03

|  PME Reciprocal Force CPU Time:
|
|     Routine              Sec        %
|     ---------------------------------
|     1D bspline           0.00    0.00
|     Grid Charges         0.00    0.00
|     Scalar Sum           0.00    0.00
|     Gradient Sum         0.00    0.00
|     FFT                  0.00    0.00
|     ---------------------------------
|     Total                0.00    0.00

|  Final Performance Info:
|     -----------------------------------------------------
|     Average timings for last    2500 steps:
|         Elapsed(s) =       3.12 Per Step(ms) =       1.25
|             ns/day =     138.51   seconds/ns =     623.79
|
|     Average timings for all steps:
|         Elapsed(s) =       3.12 Per Step(ms) =       1.25
|             ns/day =     138.51   seconds/ns =     623.79
|     -----------------------------------------------------

|  Setup CPU time:            0.57 seconds
|  NonSetup CPU time:         3.11 seconds
|  Total CPU time:            3.67 seconds     0.00 hours

|  Setup wall time:           2    seconds
|  NonSetup wall time:        3    seconds
|  Total wall time:           5    seconds     0.00 hours
