32.0 3.40771498159e-05
31.0 2.78296790575e-05
30.0 2.57039469315e-05
29.0 2.32417833905e-05
28.0 2.23015873501e-05
27.0 1.86558065786e-05
26.0 1.41278427455e-05
25.0 1.18814879309e-05
24.0 9.4981049944e-06
23.0 6.08570169415e-06
22.0 6.42458055615e-06
21.0 3.34289618884e-06
20.0 2.70580636022e-06
19.0 2.3652695606e-06
18.0 2.26026952308e-06
17.0 1.48864665809e-06
16.0 1.85512333328e-06
15.0 1.97162457296e-06
14.0 1.81022488285e-06
13.0 1.80489045956e-06
12.0 1.65544738072e-06
11.0 1.9194486043e-06
10.0 2.18783428098e-06
9.0 2.22116075714e-06
8.0 2.60035834559e-06
7.0 2.12015121532e-06
6.0 2.61547787009e-06
5.0 2.17244102712e-06
4.0 2.65592475246e-06
3.0 2.62291575734e-06
2.0 3.63878468615e-06
1.0 3.97503142004e-06
0.0 4.08259076453e-06
